[2025-06-07 00:07:25] [Success] === FITTRACKER MONITOR STARTED ===
[2025-06-07 00:07:25] [Info] Project: C:\Users\LENOVO\Desktop\ios\FitTracker
[2025-06-07 00:07:25] [Info] Expo Port: 8081
[2025-06-07 00:07:25] [Info] Starting Expo development server...
[2025-06-07 00:07:25] [Info] Running: npx expo start --port 8081 --clear
[2025-06-07 00:07:26] [Success] Expo server started (PID: 10080)
[2025-06-07 00:07:31] [Info] === MONITORING CYCLE #1 ===
[2025-06-07 00:07:31] [Info] Status: Uptime=00:00:05 | Fixes=0 | Restarts=1
[2025-06-07 00:07:36] [Info] === MONITORING CYCLE #2 ===
[2025-06-07 00:07:36] [Info] Status: Uptime=00:00:10 | Fixes=0 | Restarts=1
[2025-06-07 00:07:41] [Info] === MONITORING CYCLE #3 ===
[2025-06-07 00:07:41] [Info] Status: Uptime=00:00:15 | Fixes=0 | Restarts=1
[2025-06-07 00:07:46] [Info] === MONITORING CYCLE #4 ===
[2025-06-07 00:07:46] [Info] Status: Uptime=00:00:20 | Fixes=0 | Restarts=1
[2025-06-07 00:07:51] [Info] === MONITORING CYCLE #5 ===
[2025-06-07 00:07:51] [Info] Status: Uptime=00:00:25 | Fixes=0 | Restarts=1
[2025-06-07 00:07:56] [Info] === MONITORING CYCLE #6 ===
[2025-06-07 00:07:56] [Info] Status: Uptime=00:00:30 | Fixes=0 | Restarts=1
[2025-06-07 00:08:01] [Info] === MONITORING CYCLE #7 ===
[2025-06-07 00:08:01] [Info] Status: Uptime=00:00:35 | Fixes=0 | Restarts=1
[2025-06-07 00:08:06] [Info] === MONITORING CYCLE #8 ===
[2025-06-07 00:08:06] [Info] Status: Uptime=00:00:40 | Fixes=0 | Restarts=1
[2025-06-07 00:08:11] [Info] === MONITORING CYCLE #9 ===
[2025-06-07 00:08:11] [Info] Status: Uptime=00:00:45 | Fixes=0 | Restarts=1
[2025-06-07 00:08:16] [Info] === MONITORING CYCLE #10 ===
[2025-06-07 00:08:16] [Info] Status: Uptime=00:00:50 | Fixes=0 | Restarts=1
[2025-06-07 00:08:21] [Info] === MONITORING CYCLE #11 ===
[2025-06-07 00:08:21] [Info] Status: Uptime=00:00:55 | Fixes=0 | Restarts=1
[2025-06-07 00:08:26] [Info] === MONITORING CYCLE #12 ===
[2025-06-07 00:08:26] [Info] Status: Uptime=00:01:00 | Fixes=0 | Restarts=1
[2025-06-07 00:08:31] [Info] === MONITORING CYCLE #13 ===
[2025-06-07 00:08:31] [Info] Status: Uptime=00:01:05 | Fixes=0 | Restarts=1
[00:15:15] [Success] === FITTRACKER MONITOR STARTED ===
[00:15:15] [Success] Found free port: 8081
[00:15:15] [Info] Starting Expo server on port 8081...
[00:15:15] [Success] Expo server started successfully (PID: 11316)
[00:15:18] [Info] Monitoring cycle #1
[00:15:18] [Info] Status: Uptime 00:00:03 | Port 8081
[00:15:23] [Info] Monitoring cycle #2
[00:15:23] [Info] Status: Uptime 00:00:08 | Port 8081
[00:15:28] [Info] Monitoring cycle #3
[00:15:28] [Info] Status: Uptime 00:00:13 | Port 8081
[00:15:33] [Info] Monitoring cycle #4
[00:15:33] [Info] Status: Uptime 00:00:18 | Port 8081
[00:15:38] [Info] Monitoring cycle #5
[00:15:38] [Info] Status: Uptime 00:00:23 | Port 8081
[00:15:43] [Info] Monitoring cycle #6
[00:15:43] [Info] Status: Uptime 00:00:28 | Port 8081
[00:15:48] [Info] Monitoring cycle #7
[00:15:48] [Info] Status: Uptime 00:00:33 | Port 8081
[00:15:53] [Info] Monitoring cycle #8
[00:15:53] [Info] Status: Uptime 00:00:38 | Port 8081
[00:15:58] [Info] Monitoring cycle #9
[00:15:58] [Info] Status: Uptime 00:00:43 | Port 8081
[00:16:03] [Info] Monitoring cycle #10
[00:16:03] [Info] Status: Uptime 00:00:48 | Port 8081
[00:16:08] [Info] Monitoring cycle #11
[00:16:08] [Info] Status: Uptime 00:00:53 | Port 8081
[00:16:13] [Info] Monitoring cycle #12
[00:16:13] [Info] Status: Uptime 00:00:58 | Port 8081
[00:16:18] [Info] Monitoring cycle #13
[00:16:18] [Info] Status: Uptime 00:01:03 | Port 8081
[00:16:23] [Info] Monitoring cycle #14
[00:16:23] [Info] Status: Uptime 00:01:08 | Port 8081
[00:16:28] [Info] Monitoring cycle #15
[00:16:28] [Info] Status: Uptime 00:01:13 | Port 8081
[00:16:33] [Info] Monitoring cycle #16
[00:16:33] [Info] Status: Uptime 00:01:18 | Port 8081
[00:16:38] [Info] Monitoring cycle #17
[00:16:38] [Info] Status: Uptime 00:01:23 | Port 8081
[00:16:43] [Info] Monitoring cycle #18
[00:16:43] [Info] Status: Uptime 00:01:28 | Port 8081
[00:16:48] [Info] Monitoring cycle #19
[00:16:48] [Info] Status: Uptime 00:01:33 | Port 8081
[00:16:53] [Info] Monitoring cycle #20
[00:16:53] [Info] Status: Uptime 00:01:38 | Port 8081
[00:16:58] [Info] Monitoring cycle #21
[00:16:58] [Info] Status: Uptime 00:01:43 | Port 8081
[00:17:03] [Info] Monitoring cycle #22
[00:17:03] [Info] Status: Uptime 00:01:48 | Port 8081
[00:17:08] [Info] Monitoring cycle #23
[00:17:08] [Info] Status: Uptime 00:01:53 | Port 8081
[00:17:13] [Info] Monitoring cycle #24
[00:17:13] [Info] Status: Uptime 00:01:58 | Port 8081
[00:17:18] [Info] Monitoring cycle #25
[00:17:18] [Info] Status: Uptime 00:02:03 | Port 8081
[00:17:23] [Info] Monitoring cycle #26
[00:17:23] [Info] Status: Uptime 00:02:08 | Port 8081
[00:17:28] [Info] Monitoring cycle #27
[00:17:28] [Info] Status: Uptime 00:02:13 | Port 8081
[00:17:33] [Info] Monitoring cycle #28
[00:17:33] [Info] Status: Uptime 00:02:18 | Port 8081
[00:17:38] [Info] Monitoring cycle #29
[00:17:38] [Info] Status: Uptime 00:02:23 | Port 8081
[00:17:41] [Warning] Stopping monitor...
[00:17:41] [Success] Monitor stopped
[2025-06-07 00:23:02] [Info] Using saved Expo port: 8081
[2025-06-07 00:23:02] [Success] === FITTRACKER MONITOR STARTED ===
[2025-06-07 00:23:02] [Info] Project: C:\Users\LENOVO\Desktop\ios\FitTracker
[2025-06-07 00:23:02] [Info] Expo Port: 8081
[2025-06-07 00:23:02] [Info] Starting Expo development server...
[2025-06-07 00:23:08] [Info] Using network IP: 192.168.32.1
[2025-06-07 00:23:08] [Info] Running: npx expo start --host 192.168.32.1 --port 8081 --clear
[2025-06-07 00:23:08] [Success] Expo will be accessible at: http://192.168.32.1:8081
[2025-06-07 00:23:08] [Info] Logging Expo output to: C:\Users\LENOVO\Desktop\ios\FitTracker\expo-output.log
[2025-06-07 00:23:08] [Success] Expo server started (PID: 8512)
[2025-06-07 00:23:08] [Success] QR code should now work with Expo Go app on your phone!
[2025-06-07 00:23:13] [Info] === MONITORING CYCLE #1 ===
[2025-06-07 00:23:14] [Info] Status: Uptime=00:00:11 | Fixes=0 | Restarts=1
[2025-06-07 00:23:19] [Info] === MONITORING CYCLE #2 ===
[2025-06-07 00:23:19] [Info] Status: Uptime=00:00:16 | Fixes=0 | Restarts=1
[2025-06-07 00:23:24] [Info] === MONITORING CYCLE #3 ===
[2025-06-07 00:23:24] [Info] Status: Uptime=00:00:21 | Fixes=0 | Restarts=1
[2025-06-07 00:23:29] [Info] === MONITORING CYCLE #4 ===
[2025-06-07 00:23:29] [Info] Status: Uptime=00:00:26 | Fixes=0 | Restarts=1
[2025-06-07 00:23:34] [Info] === MONITORING CYCLE #5 ===
[2025-06-07 00:23:34] [Info] Status: Uptime=00:00:31 | Fixes=0 | Restarts=1
[2025-06-07 00:23:39] [Info] === MONITORING CYCLE #6 ===
[2025-06-07 00:23:39] [Info] Status: Uptime=00:00:36 | Fixes=0 | Restarts=1
[2025-06-07 00:23:44] [Info] === MONITORING CYCLE #7 ===
[2025-06-07 00:23:44] [Info] Status: Uptime=00:00:41 | Fixes=0 | Restarts=1
[2025-06-07 00:23:49] [Info] === MONITORING CYCLE #8 ===
[2025-06-07 00:23:49] [Info] Status: Uptime=00:00:46 | Fixes=0 | Restarts=1
[2025-06-07 00:23:54] [Info] === MONITORING CYCLE #9 ===
[2025-06-07 00:23:54] [Info] Status: Uptime=00:00:51 | Fixes=0 | Restarts=1
[2025-06-07 00:23:59] [Info] === MONITORING CYCLE #10 ===
[2025-06-07 00:23:59] [Info] Status: Uptime=00:00:56 | Fixes=0 | Restarts=1
[2025-06-07 00:24:04] [Info] === MONITORING CYCLE #11 ===
[2025-06-07 00:24:04] [Info] Status: Uptime=00:01:02 | Fixes=0 | Restarts=1
[2025-06-07 00:24:09] [Info] === MONITORING CYCLE #12 ===
[2025-06-07 00:24:09] [Info] Status: Uptime=00:01:07 | Fixes=0 | Restarts=1
[2025-06-07 00:24:14] [Info] === MONITORING CYCLE #13 ===
[2025-06-07 00:24:14] [Info] Status: Uptime=00:01:12 | Fixes=0 | Restarts=1
[2025-06-07 00:24:19] [Info] === MONITORING CYCLE #14 ===
[2025-06-07 00:24:19] [Info] Status: Uptime=00:01:17 | Fixes=0 | Restarts=1
[2025-06-07 00:24:24] [Info] === MONITORING CYCLE #15 ===
[2025-06-07 00:24:24] [Info] Status: Uptime=00:01:22 | Fixes=0 | Restarts=1
[2025-06-07 00:24:29] [Info] === MONITORING CYCLE #16 ===
[2025-06-07 00:24:29] [Info] Status: Uptime=00:01:27 | Fixes=0 | Restarts=1
[2025-06-07 00:24:34] [Info] === MONITORING CYCLE #17 ===
[2025-06-07 00:24:35] [Info] Status: Uptime=00:01:32 | Fixes=0 | Restarts=1
[2025-06-07 00:24:40] [Info] === MONITORING CYCLE #18 ===
[2025-06-07 00:24:40] [Info] Status: Uptime=00:01:37 | Fixes=0 | Restarts=1
[2025-06-07 00:24:45] [Info] === MONITORING CYCLE #19 ===
[2025-06-07 00:24:45] [Info] Status: Uptime=00:01:42 | Fixes=0 | Restarts=1
[2025-06-07 00:24:50] [Info] === MONITORING CYCLE #20 ===
[2025-06-07 00:24:50] [Info] Status: Uptime=00:01:47 | Fixes=0 | Restarts=1
[2025-06-07 00:24:55] [Info] === MONITORING CYCLE #21 ===
[2025-06-07 00:24:55] [Info] Status: Uptime=00:01:52 | Fixes=0 | Restarts=1
[2025-06-07 00:25:00] [Info] === MONITORING CYCLE #22 ===
[2025-06-07 00:25:00] [Info] Status: Uptime=00:01:57 | Fixes=0 | Restarts=1
[2025-06-07 00:25:05] [Info] === MONITORING CYCLE #23 ===
[2025-06-07 00:25:05] [Info] Status: Uptime=00:02:02 | Fixes=0 | Restarts=1
[2025-06-07 00:25:10] [Info] === MONITORING CYCLE #24 ===
[2025-06-07 00:25:10] [Info] Status: Uptime=00:02:07 | Fixes=0 | Restarts=1
[2025-06-07 00:25:15] [Info] === MONITORING CYCLE #25 ===
[2025-06-07 00:25:15] [Info] Status: Uptime=00:02:12 | Fixes=0 | Restarts=1
[2025-06-07 00:25:20] [Info] === MONITORING CYCLE #26 ===
[2025-06-07 00:25:20] [Info] Status: Uptime=00:02:17 | Fixes=0 | Restarts=1
[2025-06-07 00:25:25] [Info] === MONITORING CYCLE #27 ===
[2025-06-07 00:25:25] [Info] Status: Uptime=00:02:22 | Fixes=0 | Restarts=1
[2025-06-07 00:25:30] [Info] === MONITORING CYCLE #28 ===
[2025-06-07 00:25:30] [Info] Status: Uptime=00:02:28 | Fixes=0 | Restarts=1
[2025-06-07 00:25:35] [Info] === MONITORING CYCLE #29 ===
[2025-06-07 00:25:35] [Info] Status: Uptime=00:02:33 | Fixes=0 | Restarts=1
[2025-06-07 00:25:40] [Info] === MONITORING CYCLE #30 ===
[2025-06-07 00:25:40] [Info] Status: Uptime=00:02:38 | Fixes=0 | Restarts=1
[2025-06-07 00:25:45] [Info] === MONITORING CYCLE #31 ===
[2025-06-07 00:25:45] [Info] Status: Uptime=00:02:43 | Fixes=0 | Restarts=1
[2025-06-07 00:25:50] [Info] === MONITORING CYCLE #32 ===
[2025-06-07 00:25:50] [Info] Status: Uptime=00:02:48 | Fixes=0 | Restarts=1
[2025-06-07 00:25:55] [Info] === MONITORING CYCLE #33 ===
[2025-06-07 00:25:55] [Info] Status: Uptime=00:02:53 | Fixes=0 | Restarts=1
[2025-06-07 00:26:01] [Info] === MONITORING CYCLE #34 ===
[2025-06-07 00:26:01] [Info] Status: Uptime=00:02:58 | Fixes=0 | Restarts=1
[2025-06-07 00:26:06] [Info] === MONITORING CYCLE #35 ===
[2025-06-07 00:26:06] [Info] Status: Uptime=00:03:03 | Fixes=0 | Restarts=1
[2025-06-07 00:26:11] [Info] === MONITORING CYCLE #36 ===
[2025-06-07 00:26:11] [Info] Status: Uptime=00:03:08 | Fixes=0 | Restarts=1
[2025-06-07 00:26:16] [Info] === MONITORING CYCLE #37 ===
[2025-06-07 00:26:16] [Info] Status: Uptime=00:03:13 | Fixes=0 | Restarts=1
[2025-06-07 00:26:21] [Info] === MONITORING CYCLE #38 ===
[2025-06-07 00:26:21] [Info] Status: Uptime=00:03:18 | Fixes=0 | Restarts=1
[2025-06-07 00:26:26] [Info] === MONITORING CYCLE #39 ===
[2025-06-07 00:26:26] [Info] Status: Uptime=00:03:23 | Fixes=0 | Restarts=1
[2025-06-07 00:26:31] [Info] === MONITORING CYCLE #40 ===
[2025-06-07 00:26:31] [Info] Status: Uptime=00:03:28 | Fixes=0 | Restarts=1
[2025-06-07 00:26:31] [Info] Using saved Expo port: 8081
[2025-06-07 00:26:31] [Success] === FITTRACKER MONITOR STARTED ===
[2025-06-07 00:26:31] [Info] Project: C:\Users\LENOVO\Desktop\ios\FitTracker
[2025-06-07 00:26:31] [Info] Expo Port: 8081
[2025-06-07 00:26:31] [Info] Starting Expo development server...
[2025-06-07 00:26:36] [Info] Using network IP: 192.168.32.1
[2025-06-07 00:26:36] [Info] Running: npx expo start --host lan --port 8081 --clear
[2025-06-07 00:26:36] [Success] Expo will be accessible via LAN at: http://192.168.32.1:8081
[2025-06-07 00:26:36] [Info] Logging Expo output to: C:\Users\LENOVO\Desktop\ios\FitTracker\expo-output.log
[2025-06-07 00:26:36] [Success] Expo server started (PID: 3480)
[2025-06-07 00:26:36] [Success] QR code should now work with Expo Go app on your phone!
[2025-06-07 00:26:36] [Info] === MONITORING CYCLE #41 ===
[2025-06-07 00:26:36] [Info] Status: Uptime=00:03:33 | Fixes=0 | Restarts=1
[2025-06-07 00:26:41] [Info] === MONITORING CYCLE #1 ===
[2025-06-07 00:26:41] [Info] === MONITORING CYCLE #42 ===
[2025-06-07 00:26:41] [Info] Status: Uptime=00:00:09 | Fixes=0 | Restarts=1
[2025-06-07 00:26:41] [Info] Status: Uptime=00:03:38 | Fixes=0 | Restarts=1
[2025-06-07 00:26:46] [Info] === MONITORING CYCLE #2 ===
[2025-06-07 00:26:46] [Info] Status: Uptime=00:00:14 | Fixes=0 | Restarts=1
[2025-06-07 00:26:46] [Info] === MONITORING CYCLE #43 ===
[2025-06-07 00:26:46] [Info] Status: Uptime=00:03:44 | Fixes=0 | Restarts=1
[2025-06-07 00:26:51] [Info] === MONITORING CYCLE #3 ===
[2025-06-07 00:26:51] [Info] Status: Uptime=00:00:19 | Fixes=0 | Restarts=1
[2025-06-07 00:26:51] [Info] === MONITORING CYCLE #44 ===
[2025-06-07 00:26:51] [Info] Status: Uptime=00:03:49 | Fixes=0 | Restarts=1
[2025-06-07 00:26:56] [Info] === MONITORING CYCLE #4 ===
[2025-06-07 00:26:56] [Info] Status: Uptime=00:00:24 | Fixes=0 | Restarts=1
[2025-06-07 00:26:56] [Info] === MONITORING CYCLE #45 ===
[2025-06-07 00:26:56] [Info] Status: Uptime=00:03:54 | Fixes=0 | Restarts=1
[2025-06-07 00:27:01] [Info] === MONITORING CYCLE #5 ===
[2025-06-07 00:27:01] [Info] Status: Uptime=00:00:29 | Fixes=0 | Restarts=1
[2025-06-07 00:27:01] [Info] === MONITORING CYCLE #46 ===
[2025-06-07 00:27:01] [Info] Status: Uptime=00:03:59 | Fixes=0 | Restarts=1
[2025-06-07 00:27:06] [Info] === MONITORING CYCLE #6 ===
[2025-06-07 00:27:06] [Info] Status: Uptime=00:00:34 | Fixes=0 | Restarts=1
[2025-06-07 00:27:06] [Info] === MONITORING CYCLE #47 ===
[2025-06-07 00:27:06] [Info] Status: Uptime=00:04:04 | Fixes=0 | Restarts=1
[2025-06-07 00:27:11] [Info] === MONITORING CYCLE #7 ===
[2025-06-07 00:27:11] [Info] Status: Uptime=00:00:40 | Fixes=0 | Restarts=1
[2025-06-07 00:27:11] [Info] === MONITORING CYCLE #48 ===
[2025-06-07 00:27:11] [Info] Status: Uptime=00:04:09 | Fixes=0 | Restarts=1
[2025-06-07 00:27:16] [Info] === MONITORING CYCLE #8 ===
[2025-06-07 00:27:16] [Info] Status: Uptime=00:00:45 | Fixes=0 | Restarts=1
[2025-06-07 00:27:16] [Info] === MONITORING CYCLE #49 ===
[2025-06-07 00:27:17] [Info] Status: Uptime=00:04:14 | Fixes=0 | Restarts=1
[2025-06-07 00:27:21] [Info] === MONITORING CYCLE #9 ===
[2025-06-07 00:27:22] [Info] Status: Uptime=00:00:50 | Fixes=0 | Restarts=1
[2025-06-07 00:27:22] [Info] === MONITORING CYCLE #50 ===
[2025-06-07 00:27:22] [Info] Status: Uptime=00:04:19 | Fixes=0 | Restarts=1
[2025-06-07 00:27:27] [Info] === MONITORING CYCLE #10 ===
[2025-06-07 00:27:27] [Info] Status: Uptime=00:00:55 | Fixes=0 | Restarts=1
[2025-06-07 00:27:27] [Info] === MONITORING CYCLE #51 ===
[2025-06-07 00:27:27] [Info] Status: Uptime=00:04:24 | Fixes=0 | Restarts=1
[2025-06-07 00:27:32] [Info] === MONITORING CYCLE #11 ===
[2025-06-07 00:27:32] [Info] Status: Uptime=00:01:00 | Fixes=0 | Restarts=1
[2025-06-07 00:27:32] [Info] === MONITORING CYCLE #52 ===
[2025-06-07 00:27:32] [Info] Status: Uptime=00:04:29 | Fixes=0 | Restarts=1
[2025-06-07 00:27:37] [Info] === MONITORING CYCLE #12 ===
[2025-06-07 00:27:37] [Info] Status: Uptime=00:01:05 | Fixes=0 | Restarts=1
[2025-06-07 00:27:37] [Info] === MONITORING CYCLE #53 ===
[2025-06-07 00:27:37] [Info] Status: Uptime=00:04:34 | Fixes=0 | Restarts=1
[2025-06-07 00:27:42] [Info] === MONITORING CYCLE #13 ===
[2025-06-07 00:27:42] [Info] Status: Uptime=00:01:10 | Fixes=0 | Restarts=1
[2025-06-07 00:27:42] [Info] === MONITORING CYCLE #54 ===
[2025-06-07 00:27:42] [Info] Status: Uptime=00:04:39 | Fixes=0 | Restarts=1
[2025-06-07 00:27:47] [Info] === MONITORING CYCLE #14 ===
[2025-06-07 00:27:47] [Info] Status: Uptime=00:01:15 | Fixes=0 | Restarts=1
[2025-06-07 00:27:47] [Info] === MONITORING CYCLE #55 ===
[2025-06-07 00:27:47] [Info] Status: Uptime=00:04:44 | Fixes=0 | Restarts=1
[2025-06-07 00:27:52] [Info] === MONITORING CYCLE #15 ===
[2025-06-07 00:27:52] [Info] Status: Uptime=00:01:20 | Fixes=0 | Restarts=1
[2025-06-07 00:27:52] [Info] === MONITORING CYCLE #56 ===
[2025-06-07 00:27:52] [Info] Status: Uptime=00:04:49 | Fixes=0 | Restarts=1
[2025-06-07 00:27:57] [Info] === MONITORING CYCLE #16 ===
[2025-06-07 00:27:57] [Info] Status: Uptime=00:01:25 | Fixes=0 | Restarts=1
[2025-06-07 00:27:57] [Info] === MONITORING CYCLE #57 ===
[2025-06-07 00:27:57] [Info] Status: Uptime=00:04:54 | Fixes=0 | Restarts=1
[2025-06-07 00:28:02] [Info] === MONITORING CYCLE #17 ===
[2025-06-07 00:28:02] [Info] Status: Uptime=00:01:30 | Fixes=0 | Restarts=1
[2025-06-07 00:29:48] [Info] Using saved Expo port: 8081
[2025-06-07 00:29:48] [Success] === FITTRACKER MONITOR STARTED ===
[2025-06-07 00:29:48] [Info] Project: C:\Users\LENOVO\Desktop\ios\FitTracker
[2025-06-07 00:29:48] [Info] Expo Port: 8081
[2025-06-07 00:29:48] [Info] Starting Expo development server...
[2025-06-07 00:29:52] [Info] Using network IP: 192.168.32.1
[2025-06-07 00:29:52] [Info] Checking port availability...
[2025-06-07 00:29:52] [Info] Running: npx expo start --host lan --port 8081 --clear
[2025-06-07 00:29:52] [Success] Expo will be accessible via LAN at: http://192.168.32.1:8081
[2025-06-07 00:29:52] [Info] Logging Expo output to: C:\Users\LENOVO\Desktop\ios\FitTracker\expo-output.log
[2025-06-07 00:29:52] [Success] Expo server started (PID: 19592)
[2025-06-07 00:29:52] [Success] QR code should now work with Expo Go app on your phone!
[2025-06-07 00:29:57] [Info] === MONITORING CYCLE #1 ===
[2025-06-07 00:29:57] [Warning] Expo process alive (PID: 19592) but port 8081 not in use
[2025-06-07 00:29:57] [Warning] Expo server not responding, restarting...
[2025-06-07 00:29:57] [Info] Starting Expo development server...
[2025-06-07 00:29:58] [Info] Using network IP: 192.168.32.1
[2025-06-07 00:29:58] [Info] Checking port availability...
[2025-06-07 00:29:58] [Info] Running: npx expo start --host lan --port 8081 --clear
[2025-06-07 00:29:58] [Success] Expo will be accessible via LAN at: http://192.168.32.1:8081
[2025-06-07 00:29:58] [Info] Logging Expo output to: C:\Users\LENOVO\Desktop\ios\FitTracker\expo-output.log
[2025-06-07 00:29:58] [Success] Expo server started (PID: 20028)
[2025-06-07 00:29:58] [Success] QR code should now work with Expo Go app on your phone!
[2025-06-07 00:30:03] [Info] === MONITORING CYCLE #2 ===
[2025-06-07 00:30:03] [Warning] Expo process alive (PID: 20028) but port 8081 not in use
[2025-06-07 00:30:03] [Warning] Expo server not responding, restarting...
[2025-06-07 00:30:03] [Info] Starting Expo development server...
[2025-06-07 00:30:04] [Info] Using network IP: 192.168.32.1
[2025-06-07 00:30:04] [Info] Checking port availability...
[2025-06-07 00:30:04] [Info] Running: npx expo start --host lan --port 8081 --clear
[2025-06-07 00:30:04] [Success] Expo will be accessible via LAN at: http://192.168.32.1:8081
[2025-06-07 00:30:04] [Info] Logging Expo output to: C:\Users\LENOVO\Desktop\ios\FitTracker\expo-output.log
[2025-06-07 00:30:04] [Success] Expo server started (PID: 12072)
[2025-06-07 00:30:04] [Success] QR code should now work with Expo Go app on your phone!
[2025-06-07 00:30:09] [Info] === MONITORING CYCLE #3 ===
[2025-06-07 00:30:09] [Warning] Expo process alive (PID: 12072) but port 8081 not in use
[2025-06-07 00:30:09] [Warning] Expo server not responding, restarting...
[2025-06-07 00:30:09] [Info] Starting Expo development server...
[2025-06-07 00:30:10] [Info] Using network IP: 192.168.32.1
[2025-06-07 00:30:10] [Info] Checking port availability...
[2025-06-07 00:30:10] [Info] Running: npx expo start --host lan --port 8081 --clear
[2025-06-07 00:30:10] [Success] Expo will be accessible via LAN at: http://192.168.32.1:8081
[2025-06-07 00:30:10] [Info] Logging Expo output to: C:\Users\LENOVO\Desktop\ios\FitTracker\expo-output.log
[2025-06-07 00:30:10] [Success] Expo server started (PID: 22420)
[2025-06-07 00:30:10] [Success] QR code should now work with Expo Go app on your phone!
[2025-06-07 00:30:15] [Info] === MONITORING CYCLE #4 ===
[2025-06-07 00:30:15] [Warning] Expo process alive (PID: 22420) but port 8081 not in use
[2025-06-07 00:30:15] [Warning] Expo server not responding, restarting...
[2025-06-07 00:30:15] [Info] Starting Expo development server...
[2025-06-07 00:30:16] [Info] Using network IP: 192.168.32.1
[2025-06-07 00:30:16] [Info] Checking port availability...
[2025-06-07 00:30:16] [Info] Running: npx expo start --host lan --port 8081 --clear
[2025-06-07 00:30:16] [Success] Expo will be accessible via LAN at: http://192.168.32.1:8081
[2025-06-07 00:30:16] [Info] Logging Expo output to: C:\Users\LENOVO\Desktop\ios\FitTracker\expo-output.log
[2025-06-07 00:30:16] [Success] Expo server started (PID: 2792)
[2025-06-07 00:30:16] [Success] QR code should now work with Expo Go app on your phone!
[2025-06-07 00:30:21] [Info] === MONITORING CYCLE #5 ===
[2025-06-07 00:30:21] [Warning] Expo process alive (PID: 2792) but port 8081 not in use
[2025-06-07 00:30:21] [Warning] Expo server not responding, restarting...
[2025-06-07 00:30:21] [Info] Starting Expo development server...
[2025-06-07 00:30:22] [Info] Using network IP: 192.168.32.1
[2025-06-07 00:30:22] [Info] Checking port availability...
[2025-06-07 00:30:22] [Info] Running: npx expo start --host lan --port 8081 --clear
[2025-06-07 00:30:22] [Success] Expo will be accessible via LAN at: http://192.168.32.1:8081
[2025-06-07 00:30:22] [Info] Logging Expo output to: C:\Users\LENOVO\Desktop\ios\FitTracker\expo-output.log
[2025-06-07 00:30:22] [Success] Expo server started (PID: 21916)
[2025-06-07 00:30:22] [Success] QR code should now work with Expo Go app on your phone!
[2025-06-07 00:30:27] [Info] === MONITORING CYCLE #6 ===
[2025-06-07 00:30:27] [Warning] Expo process alive (PID: 21916) but port 8081 not in use
[2025-06-07 00:30:27] [Warning] Expo server not responding, restarting...
[2025-06-07 00:30:27] [Info] Starting Expo development server...
[2025-06-07 00:30:28] [Info] Using network IP: 192.168.32.1
[2025-06-07 00:30:28] [Info] Checking port availability...
[2025-06-07 00:30:28] [Info] Running: npx expo start --host lan --port 8081 --clear
[2025-06-07 00:30:28] [Success] Expo will be accessible via LAN at: http://192.168.32.1:8081
[2025-06-07 00:30:28] [Info] Logging Expo output to: C:\Users\LENOVO\Desktop\ios\FitTracker\expo-output.log
[2025-06-07 00:30:28] [Success] Expo server started (PID: 21400)
[2025-06-07 00:30:28] [Success] QR code should now work with Expo Go app on your phone!
[2025-06-07 00:30:33] [Info] === MONITORING CYCLE #7 ===
[2025-06-07 00:30:33] [Warning] Expo server not responding, restarting...
[2025-06-07 00:30:33] [Info] Starting Expo development server...
[2025-06-07 00:30:34] [Info] Using network IP: 192.168.32.1
[2025-06-07 00:30:34] [Info] Checking port availability...
[2025-06-07 00:30:34] [Info] Running: npx expo start --host lan --port 8081 --clear
[2025-06-07 00:30:34] [Success] Expo will be accessible via LAN at: http://192.168.32.1:8081
[2025-06-07 00:30:34] [Info] Logging Expo output to: C:\Users\LENOVO\Desktop\ios\FitTracker\expo-output.log
[2025-06-07 00:30:34] [Success] Expo server started (PID: 15112)
[2025-06-07 00:30:34] [Success] QR code should now work with Expo Go app on your phone!
[2025-06-07 00:30:39] [Info] === MONITORING CYCLE #8 ===
[2025-06-07 00:30:39] [Warning] Expo process alive (PID: 15112) but port 8081 not in use
[2025-06-07 00:30:39] [Warning] Expo server not responding, restarting...
[2025-06-07 00:30:39] [Info] Starting Expo development server...
[2025-06-07 00:30:40] [Info] Using network IP: 192.168.32.1
[2025-06-07 00:30:40] [Info] Checking port availability...
[2025-06-07 00:30:40] [Info] Running: npx expo start --host lan --port 8081 --clear
[2025-06-07 00:30:40] [Success] Expo will be accessible via LAN at: http://192.168.32.1:8081
[2025-06-07 00:30:40] [Info] Logging Expo output to: C:\Users\LENOVO\Desktop\ios\FitTracker\expo-output.log
[2025-06-07 00:30:40] [Success] Expo server started (PID: 8440)
[2025-06-07 00:30:40] [Success] QR code should now work with Expo Go app on your phone!
[2025-06-07 00:30:45] [Info] === MONITORING CYCLE #9 ===
[2025-06-07 00:30:45] [Warning] Expo process alive (PID: 8440) but port 8081 not in use
[2025-06-07 00:30:45] [Warning] Expo server not responding, restarting...
[2025-06-07 00:30:45] [Info] Starting Expo development server...
[2025-06-07 00:30:46] [Info] Using network IP: 192.168.32.1
[2025-06-07 00:30:46] [Info] Checking port availability...
[2025-06-07 00:30:46] [Info] Running: npx expo start --host lan --port 8081 --clear
[2025-06-07 00:30:46] [Success] Expo will be accessible via LAN at: http://192.168.32.1:8081
[2025-06-07 00:30:46] [Info] Logging Expo output to: C:\Users\LENOVO\Desktop\ios\FitTracker\expo-output.log
[2025-06-07 00:30:46] [Success] Expo server started (PID: 2840)
[2025-06-07 00:30:46] [Success] QR code should now work with Expo Go app on your phone!
[2025-06-07 00:30:50] [Warning] Stopping monitor...
[2025-06-07 00:30:50] [Warning] Stopping monitor...
